no new students
no new students
no new students
no new students
no new students
no new students
no new students
email sent!
no new students
no new students
no new students
no new students
no new students
no new students
no new students
no new students
no new students
no new students
no new students
error, students not found: All times are shown in the America/Denver timezone. You can update your availability and timezone in your settings.
Students that need a Chicago, IL mentor are highlighted in the list and marked withChicago, IL
Data Analytics
0 students available
There are no students available right now
Welcome to the new available students page
You can see the students that are available for each course you mentor for and the times that they can meet. If you have any questions or problems, let us know on slack or via email.
Happy mentoring!